2025-05-24 15:50:47,237 CRIT Supervisor is running as root.  Privileges were not dropped because no user is specified in the config file.  If you intend to run as root, you can set user=root in the config file to avoid this message.
2025-05-24 15:50:47,241 INFO supervisord started with pid 1
2025-05-24 15:50:48,243 INFO spawned: 'dspaceAngular' with pid 7
2025-05-24 15:50:48,263 WARN exited: dspaceAngular (exit status 0; not expected)
2025-05-24 15:50:49,265 INFO spawned: 'dspaceAngular' with pid 13
2025-05-24 15:50:50,273 INFO success: dspaceAngular entered RUNNING state, process has stayed up for > than 1 seconds (startsecs)
2025-05-24 15:50:50,273 INFO exited: dspaceAngular (exit status 0; expected)
2025-05-24 16:08:04,338 WARN received SIGTERM indicating exit request
2025-05-24 16:08:05,226 CRIT Supervisor is running as root.  Privileges were not dropped because no user is specified in the config file.  If you intend to run as root, you can set user=root in the config file to avoid this message.
2025-05-24 16:08:05,228 INFO supervisord started with pid 1
2025-05-24 16:08:06,230 INFO spawned: 'dspaceAngular' with pid 7
2025-05-24 16:08:07,257 INFO success: dspaceAngular entered RUNNING state, process has stayed up for > than 1 seconds (startsecs)
2025-05-25 14:14:10,290 WARN received SIGTERM indicating exit request
2025-05-25 14:14:10,291 INFO waiting for dspaceAngular to die
2025-05-25 14:14:10,313 WARN stopped: dspaceAngular (terminated by SIGTERM)
2025-05-25 14:14:10,314 INFO reaped unknown pid 37 (terminated by SIGTERM)
2025-05-25 14:14:10,314 INFO reaped unknown pid 8 (exit status 1)
2025-05-25 14:14:10,314 INFO reaped unknown pid 36 (terminated by SIGTERM)
2025-05-25 14:14:11,773 CRIT Supervisor is running as root.  Privileges were not dropped because no user is specified in the config file.  If you intend to run as root, you can set user=root in the config file to avoid this message.
2025-05-25 14:14:11,779 INFO supervisord started with pid 1
2025-05-25 14:14:12,781 INFO spawned: 'dspaceAngular' with pid 7
2025-05-25 14:14:13,784 INFO success: dspaceAngular entered RUNNING state, process has stayed up for > than 1 seconds (startsecs)
2025-05-25 16:03:25,838 WARN received SIGTERM indicating exit request
2025-05-25 16:03:25,840 INFO waiting for dspaceAngular to die
2025-05-25 16:03:25,869 WARN stopped: dspaceAngular (terminated by SIGTERM)
2025-05-25 16:03:25,870 INFO reaped unknown pid 37 (terminated by SIGTERM)
2025-05-25 16:03:25,870 INFO reaped unknown pid 8 (exit status 1)
2025-05-25 16:03:25,870 INFO reaped unknown pid 36 (terminated by SIGTERM)
2025-05-25 16:03:27,414 CRIT Supervisor is running as root.  Privileges were not dropped because no user is specified in the config file.  If you intend to run as root, you can set user=root in the config file to avoid this message.
2025-05-25 16:03:27,421 INFO supervisord started with pid 1
2025-05-25 16:03:28,423 INFO spawned: 'dspaceAngular' with pid 7
2025-05-25 16:03:29,445 INFO success: dspaceAngular entered RUNNING state, process has stayed up for > than 1 seconds (startsecs)
2025-05-25 16:48:14,801 WARN received SIGTERM indicating exit request
2025-05-25 16:48:14,801 INFO waiting for dspaceAngular to die
2025-05-25 16:48:14,825 WARN stopped: dspaceAngular (terminated by SIGTERM)
2025-05-25 16:48:14,825 INFO reaped unknown pid 37 (terminated by SIGTERM)
2025-05-25 16:48:14,825 INFO reaped unknown pid 8 (exit status 1)
2025-05-25 16:48:14,825 INFO reaped unknown pid 36 (terminated by SIGTERM)
2025-05-25 16:48:16,369 CRIT Supervisor is running as root.  Privileges were not dropped because no user is specified in the config file.  If you intend to run as root, you can set user=root in the config file to avoid this message.
2025-05-25 16:48:16,374 INFO supervisord started with pid 1
2025-05-25 16:48:17,376 INFO spawned: 'dspaceAngular' with pid 7
2025-05-25 16:48:18,379 INFO success: dspaceAngular entered RUNNING state, process has stayed up for > than 1 seconds (startsecs)
2025-05-27 13:30:23,731 WARN received SIGTERM indicating exit request
2025-05-27 13:30:23,731 INFO waiting for dspaceAngular to die
2025-05-27 13:30:23,759 WARN stopped: dspaceAngular (terminated by SIGTERM)
2025-05-27 13:30:23,759 INFO reaped unknown pid 37 (terminated by SIGTERM)
2025-05-27 13:30:23,759 INFO reaped unknown pid 8 (exit status 1)
2025-05-27 13:30:23,760 INFO reaped unknown pid 36 (terminated by SIGTERM)
2025-05-27 13:30:25,318 CRIT Supervisor is running as root.  Privileges were not dropped because no user is specified in the config file.  If you intend to run as root, you can set user=root in the config file to avoid this message.
2025-05-27 13:30:25,324 INFO supervisord started with pid 1
2025-05-27 13:30:26,327 INFO spawned: 'dspaceAngular' with pid 7
2025-05-27 13:30:27,326 INFO success: dspaceAngular entered RUNNING state, process has stayed up for > than 1 seconds (startsecs)
2025-05-27 13:30:34,349 WARN received SIGTERM indicating exit request
2025-05-27 13:30:34,349 INFO waiting for dspaceAngular to die
2025-05-27 13:30:34,360 WARN stopped: dspaceAngular (terminated by SIGTERM)
2025-05-27 13:30:34,360 INFO reaped unknown pid 8 (exit status 1)
2025-05-27 13:30:34,360 INFO reaped unknown pid 37 (terminated by SIGTERM)
2025-05-27 13:30:34,360 INFO reaped unknown pid 36 (terminated by SIGTERM)
2025-05-27 13:30:35,194 CRIT Supervisor is running as root.  Privileges were not dropped because no user is specified in the config file.  If you intend to run as root, you can set user=root in the config file to avoid this message.
2025-05-27 13:30:35,196 INFO supervisord started with pid 1
2025-05-27 13:30:36,198 INFO spawned: 'dspaceAngular' with pid 7
2025-05-27 13:30:38,115 INFO success: dspaceAngular entered RUNNING state, process has stayed up for > than 1 seconds (startsecs)
2025-05-27 14:25:45,587 WARN received SIGTERM indicating exit request
2025-05-27 14:25:45,589 INFO waiting for dspaceAngular to die
2025-05-27 14:25:45,614 WARN stopped: dspaceAngular (terminated by SIGTERM)
2025-05-27 14:25:45,614 INFO reaped unknown pid 37 (terminated by SIGTERM)
2025-05-27 14:25:45,614 INFO reaped unknown pid 8 (exit status 1)
2025-05-27 14:25:45,614 INFO reaped unknown pid 36 (terminated by SIGTERM)
2025-05-27 14:25:47,161 CRIT Supervisor is running as root.  Privileges were not dropped because no user is specified in the config file.  If you intend to run as root, you can set user=root in the config file to avoid this message.
2025-05-27 14:25:47,166 INFO supervisord started with pid 1
2025-05-27 14:25:48,168 INFO spawned: 'dspaceAngular' with pid 7
2025-05-27 14:25:49,192 INFO success: dspaceAngular entered RUNNING state, process has stayed up for > than 1 seconds (startsecs)
2025-05-27 14:34:04,768 WARN received SIGTERM indicating exit request
2025-05-27 14:34:04,770 INFO waiting for dspaceAngular to die
2025-05-27 14:34:04,798 WARN stopped: dspaceAngular (terminated by SIGTERM)
2025-05-27 14:34:04,798 INFO reaped unknown pid 37 (terminated by SIGTERM)
2025-05-27 14:34:04,798 INFO reaped unknown pid 8 (exit status 1)
2025-05-27 14:34:04,798 INFO reaped unknown pid 36 (terminated by SIGTERM)
2025-05-27 14:34:06,317 CRIT Supervisor is running as root.  Privileges were not dropped because no user is specified in the config file.  If you intend to run as root, you can set user=root in the config file to avoid this message.
2025-05-27 14:34:06,323 INFO supervisord started with pid 1
2025-05-27 14:34:07,326 INFO spawned: 'dspaceAngular' with pid 7
2025-05-27 14:34:08,342 INFO success: dspaceAngular entered RUNNING state, process has stayed up for > than 1 seconds (startsecs)
2025-05-27 15:01:33,639 WARN received SIGTERM indicating exit request
2025-05-27 15:01:33,640 INFO waiting for dspaceAngular to die
2025-05-27 15:01:33,666 WARN stopped: dspaceAngular (terminated by SIGTERM)
2025-05-27 15:01:33,666 INFO reaped unknown pid 37 (terminated by SIGTERM)
2025-05-27 15:01:33,666 INFO reaped unknown pid 8 (exit status 1)
2025-05-27 15:01:33,666 INFO reaped unknown pid 36 (terminated by SIGTERM)
2025-05-27 15:01:35,356 CRIT Supervisor is running as root.  Privileges were not dropped because no user is specified in the config file.  If you intend to run as root, you can set user=root in the config file to avoid this message.
2025-05-27 15:01:35,361 INFO supervisord started with pid 1
2025-05-27 15:01:36,363 INFO spawned: 'dspaceAngular' with pid 7
2025-05-27 15:01:37,363 INFO success: dspaceAngular entered RUNNING state, process has stayed up for > than 1 seconds (startsecs)
2025-05-28 16:13:29,965 WARN received SIGTERM indicating exit request
2025-05-28 16:13:29,967 INFO waiting for dspaceAngular to die
2025-05-28 16:13:29,993 WARN stopped: dspaceAngular (terminated by SIGTERM)
2025-05-28 16:13:29,994 INFO reaped unknown pid 37 (terminated by SIGTERM)
2025-05-28 16:13:29,994 INFO reaped unknown pid 8 (exit status 1)
2025-05-28 16:13:29,994 INFO reaped unknown pid 36 (terminated by SIGTERM)
2025-05-28 16:13:31,573 CRIT Supervisor is running as root.  Privileges were not dropped because no user is specified in the config file.  If you intend to run as root, you can set user=root in the config file to avoid this message.
2025-05-28 16:13:31,579 INFO supervisord started with pid 1
2025-05-28 16:13:32,582 INFO spawned: 'dspaceAngular' with pid 8
2025-05-28 16:13:33,613 INFO success: dspaceAngular entered RUNNING state, process has stayed up for > than 1 seconds (startsecs)
2025-05-31 14:36:11,999 WARN received SIGTERM indicating exit request
2025-05-31 14:36:12,000 INFO waiting for dspaceAngular to die
2025-05-31 14:36:12,024 WARN stopped: dspaceAngular (terminated by SIGTERM)
2025-05-31 14:36:12,024 INFO reaped unknown pid 38 (terminated by SIGTERM)
2025-05-31 14:36:12,024 INFO reaped unknown pid 9 (exit status 1)
2025-05-31 14:36:12,024 INFO reaped unknown pid 37 (terminated by SIGTERM)
2025-05-31 14:36:13,561 CRIT Supervisor is running as root.  Privileges were not dropped because no user is specified in the config file.  If you intend to run as root, you can set user=root in the config file to avoid this message.
2025-05-31 14:36:13,569 INFO supervisord started with pid 1
2025-05-31 14:36:14,571 INFO spawned: 'dspaceAngular' with pid 7
2025-05-31 14:36:15,575 INFO success: dspaceAngular entered RUNNING state, process has stayed up for > than 1 seconds (startsecs)
2025-05-31 15:45:44,597 WARN received SIGTERM indicating exit request
2025-05-31 15:45:44,598 INFO waiting for dspaceAngular to die
2025-05-31 15:45:44,619 WARN stopped: dspaceAngular (terminated by SIGTERM)
2025-05-31 15:45:44,620 INFO reaped unknown pid 37 (terminated by SIGTERM)
2025-05-31 15:45:44,620 INFO reaped unknown pid 8 (exit status 1)
2025-05-31 15:45:44,620 INFO reaped unknown pid 36 (terminated by SIGTERM)
2025-05-31 15:45:46,114 CRIT Supervisor is running as root.  Privileges were not dropped because no user is specified in the config file.  If you intend to run as root, you can set user=root in the config file to avoid this message.
2025-05-31 15:45:46,120 INFO supervisord started with pid 1
2025-05-31 15:45:47,122 INFO spawned: 'dspaceAngular' with pid 7
2025-05-31 15:45:48,125 INFO success: dspaceAngular entered RUNNING state, process has stayed up for > than 1 seconds (startsecs)
2025-05-31 16:07:59,506 WARN received SIGTERM indicating exit request
2025-05-31 16:07:59,507 INFO waiting for dspaceAngular to die
2025-05-31 16:07:59,528 WARN stopped: dspaceAngular (terminated by SIGTERM)
2025-05-31 16:07:59,528 INFO reaped unknown pid 37 (terminated by SIGTERM)
2025-05-31 16:07:59,528 INFO reaped unknown pid 8 (exit status 1)
2025-05-31 16:07:59,528 INFO reaped unknown pid 36 (terminated by SIGTERM)
2025-05-31 16:08:00,666 CRIT Supervisor is running as root.  Privileges were not dropped because no user is specified in the config file.  If you intend to run as root, you can set user=root in the config file to avoid this message.
2025-05-31 16:08:00,671 INFO supervisord started with pid 1
2025-05-31 16:08:01,673 INFO spawned: 'dspaceAngular' with pid 7
2025-05-31 16:08:03,668 INFO success: dspaceAngular entered RUNNING state, process has stayed up for > than 1 seconds (startsecs)
2025-06-01 08:17:23,071 WARN received SIGTERM indicating exit request
2025-06-01 08:17:23,072 INFO waiting for dspaceAngular to die
2025-06-01 08:17:23,095 WARN stopped: dspaceAngular (terminated by SIGTERM)
2025-06-01 08:17:23,095 INFO reaped unknown pid 37 (terminated by SIGTERM)
2025-06-01 08:17:23,095 INFO reaped unknown pid 8 (exit status 1)
2025-06-01 08:17:23,095 INFO reaped unknown pid 36 (terminated by SIGTERM)
2025-06-01 08:17:24,604 CRIT Supervisor is running as root.  Privileges were not dropped because no user is specified in the config file.  If you intend to run as root, you can set user=root in the config file to avoid this message.
2025-06-01 08:17:24,609 INFO supervisord started with pid 1
2025-06-01 08:17:25,611 INFO spawned: 'dspaceAngular' with pid 7
2025-06-01 08:17:26,617 INFO success: dspaceAngular entered RUNNING state, process has stayed up for > than 1 seconds (startsecs)
2025-06-01 11:40:42,850 WARN received SIGTERM indicating exit request
2025-06-01 11:40:42,850 INFO waiting for dspaceAngular to die
2025-06-01 11:40:42,862 WARN stopped: dspaceAngular (terminated by SIGTERM)
2025-06-01 11:40:42,862 INFO reaped unknown pid 37 (terminated by SIGTERM)
2025-06-01 11:40:42,862 INFO reaped unknown pid 8 (exit status 1)
2025-06-01 11:40:42,862 INFO reaped unknown pid 36 (terminated by SIGTERM)
2025-06-01 11:40:43,662 CRIT Supervisor is running as root.  Privileges were not dropped because no user is specified in the config file.  If you intend to run as root, you can set user=root in the config file to avoid this message.
2025-06-01 11:40:43,664 INFO supervisord started with pid 1
2025-06-01 11:40:44,666 INFO spawned: 'dspaceAngular' with pid 7
2025-06-01 11:40:46,597 INFO success: dspaceAngular entered RUNNING state, process has stayed up for > than 1 seconds (startsecs)
2025-06-01 12:15:26,798 WARN received SIGTERM indicating exit request
2025-06-01 12:15:26,799 INFO waiting for dspaceAngular to die
2025-06-01 12:15:26,828 WARN stopped: dspaceAngular (terminated by SIGTERM)
2025-06-01 12:15:26,828 INFO reaped unknown pid 37 (terminated by SIGTERM)
2025-06-01 12:15:26,828 INFO reaped unknown pid 8 (exit status 1)
2025-06-01 12:15:26,828 INFO reaped unknown pid 36 (terminated by SIGTERM)
2025-06-01 12:15:28,291 CRIT Supervisor is running as root.  Privileges were not dropped because no user is specified in the config file.  If you intend to run as root, you can set user=root in the config file to avoid this message.
2025-06-01 12:15:28,296 INFO supervisord started with pid 1
2025-06-01 12:15:29,298 INFO spawned: 'dspaceAngular' with pid 7
2025-06-01 12:15:30,306 INFO success: dspaceAngular entered RUNNING state, process has stayed up for > than 1 seconds (startsecs)
2025-06-01 17:39:45,803 WARN received SIGTERM indicating exit request
2025-06-01 17:39:45,804 INFO waiting for dspaceAngular to die
2025-06-01 17:39:45,823 WARN stopped: dspaceAngular (terminated by SIGTERM)
2025-06-01 17:39:45,823 INFO reaped unknown pid 37 (terminated by SIGTERM)
2025-06-01 17:39:45,823 INFO reaped unknown pid 8 (exit status 1)
2025-06-01 17:39:45,823 INFO reaped unknown pid 36 (terminated by SIGTERM)
2025-06-01 17:39:46,918 CRIT Supervisor is running as root.  Privileges were not dropped because no user is specified in the config file.  If you intend to run as root, you can set user=root in the config file to avoid this message.
2025-06-01 17:39:46,923 INFO supervisord started with pid 1
2025-06-01 17:39:47,926 INFO spawned: 'dspaceAngular' with pid 7
2025-06-01 17:39:49,922 INFO success: dspaceAngular entered RUNNING state, process has stayed up for > than 1 seconds (startsecs)
2025-06-01 17:54:26,848 WARN received SIGTERM indicating exit request
2025-06-01 17:54:26,849 INFO waiting for dspaceAngular to die
2025-06-01 17:54:26,869 WARN stopped: dspaceAngular (terminated by SIGTERM)
2025-06-01 17:54:26,869 INFO reaped unknown pid 37 (terminated by SIGTERM)
2025-06-01 17:54:26,869 INFO reaped unknown pid 8 (exit status 1)
2025-06-01 17:54:26,869 INFO reaped unknown pid 36 (terminated by SIGTERM)
2025-06-01 17:54:28,374 CRIT Supervisor is running as root.  Privileges were not dropped because no user is specified in the config file.  If you intend to run as root, you can set user=root in the config file to avoid this message.
2025-06-01 17:54:28,379 INFO supervisord started with pid 1
2025-06-01 17:54:29,382 INFO spawned: 'dspaceAngular' with pid 7
2025-06-01 17:54:30,396 INFO success: dspaceAngular entered RUNNING state, process has stayed up for > than 1 seconds (startsecs)
2025-06-02 15:42:54,549 WARN received SIGTERM indicating exit request
2025-06-02 15:42:54,551 INFO waiting for dspaceAngular to die
2025-06-02 15:42:54,577 WARN stopped: dspaceAngular (terminated by SIGTERM)
2025-06-02 15:42:54,577 INFO reaped unknown pid 37 (terminated by SIGTERM)
2025-06-02 15:42:54,577 INFO reaped unknown pid 8 (exit status 1)
2025-06-02 15:42:54,577 INFO reaped unknown pid 36 (terminated by SIGTERM)
2025-06-02 15:42:55,732 CRIT Supervisor is running as root.  Privileges were not dropped because no user is specified in the config file.  If you intend to run as root, you can set user=root in the config file to avoid this message.
2025-06-02 15:42:55,737 INFO supervisord started with pid 1
2025-06-02 15:42:56,739 INFO spawned: 'dspaceAngular' with pid 7
2025-06-02 15:42:57,742 INFO success: dspaceAngular entered RUNNING state, process has stayed up for > than 1 seconds (startsecs)
2025-06-02 19:39:13,690 WARN received SIGTERM indicating exit request
2025-06-02 19:39:13,692 INFO waiting for dspaceAngular to die
2025-06-02 19:39:13,715 WARN stopped: dspaceAngular (terminated by SIGTERM)
2025-06-02 19:39:13,715 INFO reaped unknown pid 37 (terminated by SIGTERM)
2025-06-02 19:39:13,715 INFO reaped unknown pid 8 (exit status 1)
2025-06-02 19:39:13,715 INFO reaped unknown pid 36 (terminated by SIGTERM)
2025-06-02 19:39:15,156 CRIT Supervisor is running as root.  Privileges were not dropped because no user is specified in the config file.  If you intend to run as root, you can set user=root in the config file to avoid this message.
2025-06-02 19:39:15,160 INFO supervisord started with pid 1
2025-06-02 19:39:16,162 INFO spawned: 'dspaceAngular' with pid 7
2025-06-02 19:39:17,169 INFO success: dspaceAngular entered RUNNING state, process has stayed up for > than 1 seconds (startsecs)
2025-06-03 12:34:59,951 WARN received SIGTERM indicating exit request
2025-06-03 12:34:59,953 INFO waiting for dspaceAngular to die
2025-06-03 12:34:59,975 WARN stopped: dspaceAngular (terminated by SIGTERM)
2025-06-03 12:34:59,975 INFO reaped unknown pid 37 (terminated by SIGTERM)
2025-06-03 12:34:59,975 INFO reaped unknown pid 8 (exit status 1)
2025-06-03 12:34:59,975 INFO reaped unknown pid 36 (terminated by SIGTERM)
2025-06-03 12:35:01,498 CRIT Supervisor is running as root.  Privileges were not dropped because no user is specified in the config file.  If you intend to run as root, you can set user=root in the config file to avoid this message.
2025-06-03 12:35:01,504 INFO supervisord started with pid 1
2025-06-03 12:35:02,506 INFO spawned: 'dspaceAngular' with pid 7
2025-06-03 12:35:03,550 INFO success: dspaceAngular entered RUNNING state, process has stayed up for > than 1 seconds (startsecs)
2025-06-03 20:09:18,983 WARN received SIGTERM indicating exit request
2025-06-03 20:09:18,985 INFO waiting for dspaceAngular to die
2025-06-03 20:09:19,006 WARN stopped: dspaceAngular (terminated by SIGTERM)
2025-06-03 20:09:19,006 INFO reaped unknown pid 37 (terminated by SIGTERM)
2025-06-03 20:09:19,006 INFO reaped unknown pid 8 (exit status 1)
2025-06-03 20:09:19,006 INFO reaped unknown pid 36 (terminated by SIGTERM)
2025-06-03 20:09:20,145 CRIT Supervisor is running as root.  Privileges were not dropped because no user is specified in the config file.  If you intend to run as root, you can set user=root in the config file to avoid this message.
2025-06-03 20:09:20,150 INFO supervisord started with pid 1
2025-06-03 20:09:21,153 INFO spawned: 'dspaceAngular' with pid 7
2025-06-03 20:09:23,141 INFO success: dspaceAngular entered RUNNING state, process has stayed up for > than 1 seconds (startsecs)
2025-06-03 20:26:17,207 WARN received SIGTERM indicating exit request
2025-06-03 20:26:17,208 INFO waiting for dspaceAngular to die
2025-06-03 20:26:17,232 WARN stopped: dspaceAngular (terminated by SIGTERM)
2025-06-03 20:26:17,232 INFO reaped unknown pid 37 (terminated by SIGTERM)
2025-06-03 20:26:17,232 INFO reaped unknown pid 8 (exit status 1)
2025-06-03 20:26:17,232 INFO reaped unknown pid 36 (terminated by SIGTERM)
2025-06-03 20:26:18,694 CRIT Supervisor is running as root.  Privileges were not dropped because no user is specified in the config file.  If you intend to run as root, you can set user=root in the config file to avoid this message.
2025-06-03 20:26:18,699 INFO supervisord started with pid 1
2025-06-03 20:26:19,701 INFO spawned: 'dspaceAngular' with pid 7
2025-06-03 20:26:20,702 INFO success: dspaceAngular entered RUNNING state, process has stayed up for > than 1 seconds (startsecs)
2025-06-04 13:25:24,766 WARN received SIGTERM indicating exit request
2025-06-04 13:25:24,768 INFO waiting for dspaceAngular to die
2025-06-04 13:25:24,794 WARN stopped: dspaceAngular (terminated by SIGTERM)
2025-06-04 13:25:24,794 INFO reaped unknown pid 37 (terminated by SIGTERM)
2025-06-04 13:25:24,794 INFO reaped unknown pid 8 (exit status 1)
2025-06-04 13:25:24,794 INFO reaped unknown pid 36 (terminated by SIGTERM)
2025-06-04 13:25:26,229 CRIT Supervisor is running as root.  Privileges were not dropped because no user is specified in the config file.  If you intend to run as root, you can set user=root in the config file to avoid this message.
2025-06-04 13:25:26,235 INFO supervisord started with pid 1
2025-06-04 13:25:27,237 INFO spawned: 'dspaceAngular' with pid 7
2025-06-04 13:25:28,240 INFO success: dspaceAngular entered RUNNING state, process has stayed up for > than 1 seconds (startsecs)
2025-06-04 16:55:39,599 WARN received SIGTERM indicating exit request
2025-06-04 16:55:39,600 INFO waiting for dspaceAngular to die
2025-06-04 16:55:39,626 WARN stopped: dspaceAngular (terminated by SIGTERM)
2025-06-04 16:55:39,626 INFO reaped unknown pid 37 (terminated by SIGTERM)
2025-06-04 16:55:39,626 INFO reaped unknown pid 8 (exit status 1)
2025-06-04 16:55:39,626 INFO reaped unknown pid 36 (terminated by SIGTERM)
2025-06-04 16:55:41,231 CRIT Supervisor is running as root.  Privileges were not dropped because no user is specified in the config file.  If you intend to run as root, you can set user=root in the config file to avoid this message.
2025-06-04 16:55:41,236 INFO supervisord started with pid 1
2025-06-04 16:55:42,238 INFO spawned: 'dspaceAngular' with pid 7
2025-06-04 16:55:43,238 INFO success: dspaceAngular entered RUNNING state, process has stayed up for > than 1 seconds (startsecs)
2025-06-04 17:09:49,135 WARN received SIGTERM indicating exit request
2025-06-04 17:09:49,136 INFO waiting for dspaceAngular to die
2025-06-04 17:09:49,160 WARN stopped: dspaceAngular (terminated by SIGTERM)
2025-06-04 17:09:49,160 INFO reaped unknown pid 37 (terminated by SIGTERM)
2025-06-04 17:09:49,160 INFO reaped unknown pid 8 (exit status 1)
2025-06-04 17:09:49,160 INFO reaped unknown pid 36 (terminated by SIGTERM)
2025-06-04 17:09:50,544 CRIT Supervisor is running as root.  Privileges were not dropped because no user is specified in the config file.  If you intend to run as root, you can set user=root in the config file to avoid this message.
2025-06-04 17:09:50,550 INFO supervisord started with pid 1
2025-06-04 17:09:51,552 INFO spawned: 'dspaceAngular' with pid 7
2025-06-04 17:09:52,564 INFO success: dspaceAngular entered RUNNING state, process has stayed up for > than 1 seconds (startsecs)
2025-06-04 20:01:09,456 WARN received SIGTERM indicating exit request
2025-06-04 20:01:09,458 INFO waiting for dspaceAngular to die
2025-06-04 20:01:09,500 WARN stopped: dspaceAngular (terminated by SIGTERM)
2025-06-04 20:01:09,500 INFO reaped unknown pid 37 (terminated by SIGTERM)
2025-06-04 20:01:09,500 INFO reaped unknown pid 8 (exit status 1)
2025-06-04 20:01:09,500 INFO reaped unknown pid 36 (terminated by SIGTERM)
2025-06-04 20:01:11,126 CRIT Supervisor is running as root.  Privileges were not dropped because no user is specified in the config file.  If you intend to run as root, you can set user=root in the config file to avoid this message.
2025-06-04 20:01:11,131 INFO supervisord started with pid 1
2025-06-04 20:01:12,133 INFO spawned: 'dspaceAngular' with pid 6
2025-06-04 20:01:13,140 INFO success: dspaceAngular entered RUNNING state, process has stayed up for > than 1 seconds (startsecs)
2025-06-05 13:26:30,824 WARN received SIGTERM indicating exit request
2025-06-05 13:26:30,826 INFO waiting for dspaceAngular to die
2025-06-05 13:26:30,854 WARN stopped: dspaceAngular (terminated by SIGTERM)
2025-06-05 13:26:30,854 INFO reaped unknown pid 36 (terminated by SIGTERM)
2025-06-05 13:26:30,854 INFO reaped unknown pid 7 (exit status 1)
2025-06-05 13:26:30,854 INFO reaped unknown pid 35 (terminated by SIGTERM)
2025-06-05 13:26:32,358 CRIT Supervisor is running as root.  Privileges were not dropped because no user is specified in the config file.  If you intend to run as root, you can set user=root in the config file to avoid this message.
2025-06-05 13:26:32,363 INFO supervisord started with pid 1
2025-06-05 13:26:33,365 INFO spawned: 'dspaceAngular' with pid 7
2025-06-05 13:26:34,594 INFO success: dspaceAngular entered RUNNING state, process has stayed up for > than 1 seconds (startsecs)
2025-06-05 15:35:43,035 WARN received SIGTERM indicating exit request
2025-06-05 15:35:43,036 INFO waiting for dspaceAngular to die
2025-06-05 15:35:43,059 WARN stopped: dspaceAngular (terminated by SIGTERM)
2025-06-05 15:35:43,059 INFO reaped unknown pid 37 (terminated by SIGTERM)
2025-06-05 15:35:43,059 INFO reaped unknown pid 8 (exit status 1)
2025-06-05 15:35:43,059 INFO reaped unknown pid 36 (terminated by SIGTERM)
2025-06-05 15:35:44,546 CRIT Supervisor is running as root.  Privileges were not dropped because no user is specified in the config file.  If you intend to run as root, you can set user=root in the config file to avoid this message.
2025-06-05 15:35:44,552 INFO supervisord started with pid 1
2025-06-05 15:35:45,554 INFO spawned: 'dspaceAngular' with pid 7
2025-06-05 15:35:46,721 INFO success: dspaceAngular entered RUNNING state, process has stayed up for > than 1 seconds (startsecs)
2025-06-10 11:24:04,625 WARN received SIGTERM indicating exit request
2025-06-10 11:24:04,626 INFO waiting for dspaceAngular to die
2025-06-10 11:24:04,652 WARN stopped: dspaceAngular (terminated by SIGTERM)
2025-06-10 11:24:04,652 INFO reaped unknown pid 37 (terminated by SIGTERM)
2025-06-10 11:24:04,652 INFO reaped unknown pid 8 (exit status 1)
2025-06-10 11:24:04,652 INFO reaped unknown pid 36 (terminated by SIGTERM)
2025-06-10 11:24:06,124 CRIT Supervisor is running as root.  Privileges were not dropped because no user is specified in the config file.  If you intend to run as root, you can set user=root in the config file to avoid this message.
2025-06-10 11:24:06,129 INFO supervisord started with pid 1
2025-06-10 11:24:07,131 INFO spawned: 'dspaceAngular' with pid 7
2025-06-10 11:24:08,277 INFO success: dspaceAngular entered RUNNING state, process has stayed up for > than 1 seconds (startsecs)
2025-06-10 15:51:56,408 WARN received SIGTERM indicating exit request
2025-06-10 15:51:56,409 INFO waiting for dspaceAngular to die
2025-06-10 15:51:56,433 WARN stopped: dspaceAngular (terminated by SIGTERM)
2025-06-10 15:51:56,433 INFO reaped unknown pid 37 (terminated by SIGTERM)
2025-06-10 15:51:56,433 INFO reaped unknown pid 8 (exit status 1)
2025-06-10 15:51:56,433 INFO reaped unknown pid 36 (terminated by SIGTERM)
2025-06-10 15:51:57,898 CRIT Supervisor is running as root.  Privileges were not dropped because no user is specified in the config file.  If you intend to run as root, you can set user=root in the config file to avoid this message.
2025-06-10 15:51:57,903 INFO supervisord started with pid 1
2025-06-10 15:51:58,906 INFO spawned: 'dspaceAngular' with pid 7
2025-06-10 15:52:00,082 INFO success: dspaceAngular entered RUNNING state, process has stayed up for > than 1 seconds (startsecs)
2025-06-11 14:56:39,516 WARN received SIGTERM indicating exit request
2025-06-11 14:56:39,518 INFO waiting for dspaceAngular to die
2025-06-11 14:56:39,541 WARN stopped: dspaceAngular (terminated by SIGTERM)
2025-06-11 14:56:39,541 INFO reaped unknown pid 37 (terminated by SIGTERM)
2025-06-11 14:56:39,541 INFO reaped unknown pid 8 (exit status 1)
2025-06-11 14:56:39,541 INFO reaped unknown pid 36 (terminated by SIGTERM)
2025-06-11 14:56:40,943 CRIT Supervisor is running as root.  Privileges were not dropped because no user is specified in the config file.  If you intend to run as root, you can set user=root in the config file to avoid this message.
2025-06-11 14:56:40,948 INFO supervisord started with pid 1
2025-06-11 14:56:41,951 INFO spawned: 'dspaceAngular' with pid 7
2025-06-11 14:56:43,126 INFO success: dspaceAngular entered RUNNING state, process has stayed up for > than 1 seconds (startsecs)
2025-06-11 15:34:22,555 WARN received SIGTERM indicating exit request
2025-06-11 15:34:22,556 INFO waiting for dspaceAngular to die
2025-06-11 15:34:22,576 WARN stopped: dspaceAngular (terminated by SIGTERM)
2025-06-11 15:34:22,576 INFO reaped unknown pid 37 (terminated by SIGTERM)
2025-06-11 15:34:22,577 INFO reaped unknown pid 8 (exit status 1)
2025-06-11 15:34:22,577 INFO reaped unknown pid 36 (terminated by SIGTERM)
2025-06-11 15:34:24,033 CRIT Supervisor is running as root.  Privileges were not dropped because no user is specified in the config file.  If you intend to run as root, you can set user=root in the config file to avoid this message.
2025-06-11 15:34:24,039 INFO supervisord started with pid 1
2025-06-11 15:34:25,041 INFO spawned: 'dspaceAngular' with pid 7
2025-06-11 15:34:26,228 INFO success: dspaceAngular entered RUNNING state, process has stayed up for > than 1 seconds (startsecs)
2025-06-12 11:31:36,250 WARN received SIGTERM indicating exit request
2025-06-12 11:31:36,253 INFO waiting for dspaceAngular to die
2025-06-12 11:31:36,278 WARN stopped: dspaceAngular (terminated by SIGTERM)
2025-06-12 11:31:36,278 INFO reaped unknown pid 37 (terminated by SIGTERM)
2025-06-12 11:31:36,278 INFO reaped unknown pid 8 (exit status 1)
2025-06-12 11:31:36,278 INFO reaped unknown pid 36 (terminated by SIGTERM)
2025-06-12 11:31:37,765 CRIT Supervisor is running as root.  Privileges were not dropped because no user is specified in the config file.  If you intend to run as root, you can set user=root in the config file to avoid this message.
2025-06-12 11:31:37,770 INFO supervisord started with pid 1
2025-06-12 11:31:38,772 INFO spawned: 'dspaceAngular' with pid 7
2025-06-12 11:31:40,022 INFO success: dspaceAngular entered RUNNING state, process has stayed up for > than 1 seconds (startsecs)
2025-06-12 14:53:06,000 WARN received SIGTERM indicating exit request
2025-06-12 14:53:06,001 INFO waiting for dspaceAngular to die
2025-06-12 14:53:06,022 WARN stopped: dspaceAngular (terminated by SIGTERM)
2025-06-12 14:53:06,022 INFO reaped unknown pid 37 (terminated by SIGTERM)
2025-06-12 14:53:06,022 INFO reaped unknown pid 8 (exit status 1)
2025-06-12 14:53:06,022 INFO reaped unknown pid 36 (terminated by SIGTERM)
2025-06-12 14:53:07,458 CRIT Supervisor is running as root.  Privileges were not dropped because no user is specified in the config file.  If you intend to run as root, you can set user=root in the config file to avoid this message.
2025-06-12 14:53:07,464 INFO supervisord started with pid 1
2025-06-12 14:53:08,466 INFO spawned: 'dspaceAngular' with pid 7
2025-06-12 14:53:09,648 INFO success: dspaceAngular entered RUNNING state, process has stayed up for > than 1 seconds (startsecs)
2025-06-12 19:46:36,301 WARN received SIGTERM indicating exit request
2025-06-12 19:46:36,303 INFO waiting for dspaceAngular to die
2025-06-12 19:46:36,324 WARN stopped: dspaceAngular (terminated by SIGTERM)
2025-06-12 19:46:36,324 INFO reaped unknown pid 37 (terminated by SIGTERM)
2025-06-12 19:46:36,324 INFO reaped unknown pid 8 (exit status 1)
2025-06-12 19:46:36,324 INFO reaped unknown pid 36 (terminated by SIGTERM)
2025-06-12 19:46:37,819 CRIT Supervisor is running as root.  Privileges were not dropped because no user is specified in the config file.  If you intend to run as root, you can set user=root in the config file to avoid this message.
2025-06-12 19:46:37,825 INFO supervisord started with pid 1
2025-06-12 19:46:38,827 INFO spawned: 'dspaceAngular' with pid 7
2025-06-12 19:46:39,992 INFO success: dspaceAngular entered RUNNING state, process has stayed up for > than 1 seconds (startsecs)
2025-06-14 12:08:15,767 WARN received SIGTERM indicating exit request
2025-06-14 12:08:15,769 INFO waiting for dspaceAngular to die
2025-06-14 12:08:15,793 WARN stopped: dspaceAngular (terminated by SIGTERM)
2025-06-14 12:08:15,793 INFO reaped unknown pid 37 (terminated by SIGTERM)
2025-06-14 12:08:15,793 INFO reaped unknown pid 8 (exit status 1)
2025-06-14 12:08:15,793 INFO reaped unknown pid 36 (terminated by SIGTERM)
2025-06-14 12:08:17,266 CRIT Supervisor is running as root.  Privileges were not dropped because no user is specified in the config file.  If you intend to run as root, you can set user=root in the config file to avoid this message.
2025-06-14 12:08:17,272 INFO supervisord started with pid 1
2025-06-14 12:08:18,274 INFO spawned: 'dspaceAngular' with pid 7
2025-06-14 12:08:19,448 INFO success: dspaceAngular entered RUNNING state, process has stayed up for > than 1 seconds (startsecs)
2025-06-14 12:18:02,106 WARN received SIGTERM indicating exit request
2025-06-14 12:18:02,108 INFO waiting for dspaceAngular to die
2025-06-14 12:18:02,130 WARN stopped: dspaceAngular (terminated by SIGTERM)
2025-06-14 12:18:02,130 INFO reaped unknown pid 37 (terminated by SIGTERM)
2025-06-14 12:18:02,130 INFO reaped unknown pid 8 (exit status 1)
2025-06-14 12:18:02,130 INFO reaped unknown pid 36 (terminated by SIGTERM)
2025-06-14 12:18:03,631 CRIT Supervisor is running as root.  Privileges were not dropped because no user is specified in the config file.  If you intend to run as root, you can set user=root in the config file to avoid this message.
2025-06-14 12:18:03,637 INFO supervisord started with pid 1
2025-06-14 12:18:04,639 INFO spawned: 'dspaceAngular' with pid 7
2025-06-14 12:18:05,821 INFO success: dspaceAngular entered RUNNING state, process has stayed up for > than 1 seconds (startsecs)
2025-06-14 12:31:27,715 WARN received SIGTERM indicating exit request
2025-06-14 12:31:27,716 INFO waiting for dspaceAngular to die
2025-06-14 12:31:27,738 WARN stopped: dspaceAngular (terminated by SIGTERM)
2025-06-14 12:31:27,738 INFO reaped unknown pid 37 (terminated by SIGTERM)
2025-06-14 12:31:27,738 INFO reaped unknown pid 8 (exit status 1)
2025-06-14 12:31:27,738 INFO reaped unknown pid 36 (terminated by SIGTERM)
2025-06-14 12:31:29,182 CRIT Supervisor is running as root.  Privileges were not dropped because no user is specified in the config file.  If you intend to run as root, you can set user=root in the config file to avoid this message.
2025-06-14 12:31:29,187 INFO supervisord started with pid 1
2025-06-14 12:31:30,190 INFO spawned: 'dspaceAngular' with pid 7
2025-06-14 12:31:31,348 INFO success: dspaceAngular entered RUNNING state, process has stayed up for > than 1 seconds (startsecs)
2025-06-14 15:02:54,026 WARN received SIGTERM indicating exit request
2025-06-14 15:02:54,026 INFO waiting for dspaceAngular to die
2025-06-14 15:02:54,040 WARN stopped: dspaceAngular (terminated by SIGTERM)
2025-06-14 15:02:54,040 INFO reaped unknown pid 37 (terminated by SIGTERM)
2025-06-14 15:02:54,040 INFO reaped unknown pid 8 (exit status 1)
2025-06-14 15:02:54,040 INFO reaped unknown pid 36 (terminated by SIGTERM)
2025-06-14 15:02:54,938 CRIT Supervisor is running as root.  Privileges were not dropped because no user is specified in the config file.  If you intend to run as root, you can set user=root in the config file to avoid this message.
2025-06-14 15:02:54,940 INFO supervisord started with pid 1
2025-06-14 15:02:55,942 INFO spawned: 'dspaceAngular' with pid 7
2025-06-14 15:02:57,024 INFO success: dspaceAngular entered RUNNING state, process has stayed up for > than 1 seconds (startsecs)
2025-06-14 16:09:05,228 WARN received SIGTERM indicating exit request
2025-06-14 16:09:05,229 INFO waiting for dspaceAngular to die
2025-06-14 16:09:05,252 WARN stopped: dspaceAngular (terminated by SIGTERM)
2025-06-14 16:09:05,252 INFO reaped unknown pid 37 (terminated by SIGTERM)
2025-06-14 16:09:05,252 INFO reaped unknown pid 8 (exit status 1)
2025-06-14 16:09:05,252 INFO reaped unknown pid 36 (terminated by SIGTERM)
2025-06-14 16:09:06,681 CRIT Supervisor is running as root.  Privileges were not dropped because no user is specified in the config file.  If you intend to run as root, you can set user=root in the config file to avoid this message.
2025-06-14 16:09:06,686 INFO supervisord started with pid 1
2025-06-14 16:09:07,688 INFO spawned: 'dspaceAngular' with pid 7
2025-06-14 16:09:08,867 INFO success: dspaceAngular entered RUNNING state, process has stayed up for > than 1 seconds (startsecs)
2025-06-14 16:09:10,920 WARN received SIGTERM indicating exit request
2025-06-14 16:09:10,921 INFO waiting for dspaceAngular to die
2025-06-14 16:09:10,932 WARN stopped: dspaceAngular (terminated by SIGTERM)
2025-06-14 16:09:10,932 INFO reaped unknown pid 37 (terminated by SIGTERM)
2025-06-14 16:09:10,933 INFO reaped unknown pid 8 (exit status 1)
2025-06-14 16:09:10,933 INFO reaped unknown pid 36 (terminated by SIGTERM)
2025-06-14 16:09:11,774 CRIT Supervisor is running as root.  Privileges were not dropped because no user is specified in the config file.  If you intend to run as root, you can set user=root in the config file to avoid this message.
2025-06-14 16:09:11,776 INFO supervisord started with pid 1
2025-06-14 16:09:12,778 INFO spawned: 'dspaceAngular' with pid 7
2025-06-14 16:09:13,873 INFO success: dspaceAngular entered RUNNING state, process has stayed up for > than 1 seconds (startsecs)
2025-06-14 16:23:36,833 WARN received SIGTERM indicating exit request
2025-06-14 16:23:36,834 INFO waiting for dspaceAngular to die
2025-06-14 16:23:36,858 WARN stopped: dspaceAngular (terminated by SIGTERM)
2025-06-14 16:23:36,858 INFO reaped unknown pid 37 (terminated by SIGTERM)
2025-06-14 16:23:36,858 INFO reaped unknown pid 8 (exit status 1)
2025-06-14 16:23:36,858 INFO reaped unknown pid 36 (terminated by SIGTERM)
2025-06-14 16:23:37,943 CRIT Supervisor is running as root.  Privileges were not dropped because no user is specified in the config file.  If you intend to run as root, you can set user=root in the config file to avoid this message.
2025-06-14 16:23:37,949 INFO supervisord started with pid 1
2025-06-14 16:23:38,951 INFO spawned: 'dspaceAngular' with pid 7
2025-06-14 16:23:40,139 INFO success: dspaceAngular entered RUNNING state, process has stayed up for > than 1 seconds (startsecs)
2025-06-14 17:10:39,147 WARN received SIGTERM indicating exit request
2025-06-14 17:10:39,150 INFO waiting for dspaceAngular to die
2025-06-14 17:10:39,176 WARN stopped: dspaceAngular (terminated by SIGTERM)
2025-06-14 17:10:39,176 INFO reaped unknown pid 8 (exit status 1)
2025-06-14 17:10:39,176 INFO reaped unknown pid 37 (terminated by SIGTERM)
2025-06-14 17:10:39,176 INFO reaped unknown pid 36 (terminated by SIGTERM)
2025-06-14 17:10:40,699 CRIT Supervisor is running as root.  Privileges were not dropped because no user is specified in the config file.  If you intend to run as root, you can set user=root in the config file to avoid this message.
2025-06-14 17:10:40,706 INFO supervisord started with pid 1
2025-06-14 17:10:41,708 INFO spawned: 'dspaceAngular' with pid 7
2025-06-14 17:10:42,958 INFO success: dspaceAngular entered RUNNING state, process has stayed up for > than 1 seconds (startsecs)
2025-06-15 15:21:55,297 WARN received SIGTERM indicating exit request
2025-06-15 15:21:55,298 INFO waiting for dspaceAngular to die
2025-06-15 15:21:55,320 WARN stopped: dspaceAngular (terminated by SIGTERM)
2025-06-15 15:21:55,320 INFO reaped unknown pid 37 (terminated by SIGTERM)
2025-06-15 15:21:55,321 INFO reaped unknown pid 8 (exit status 1)
2025-06-15 15:21:55,321 INFO reaped unknown pid 36 (terminated by SIGTERM)
2025-06-15 15:21:56,802 CRIT Supervisor is running as root.  Privileges were not dropped because no user is specified in the config file.  If you intend to run as root, you can set user=root in the config file to avoid this message.
2025-06-15 15:21:56,808 INFO supervisord started with pid 1
2025-06-15 15:21:57,810 INFO spawned: 'dspaceAngular' with pid 7
2025-06-15 15:21:58,984 INFO success: dspaceAngular entered RUNNING state, process has stayed up for > than 1 seconds (startsecs)
2025-06-16 16:23:04,063 WARN received SIGTERM indicating exit request
2025-06-16 16:23:04,064 INFO waiting for dspaceAngular to die
2025-06-16 16:23:04,089 WARN stopped: dspaceAngular (terminated by SIGTERM)
2025-06-16 16:23:04,089 INFO reaped unknown pid 37 (terminated by SIGTERM)
2025-06-16 16:23:04,089 INFO reaped unknown pid 8 (exit status 1)
2025-06-16 16:23:04,089 INFO reaped unknown pid 36 (terminated by SIGTERM)
2025-06-16 16:23:05,508 CRIT Supervisor is running as root.  Privileges were not dropped because no user is specified in the config file.  If you intend to run as root, you can set user=root in the config file to avoid this message.
2025-06-16 16:23:05,515 INFO supervisord started with pid 1
2025-06-16 16:23:06,517 INFO spawned: 'dspaceAngular' with pid 7
2025-06-16 16:23:07,695 INFO success: dspaceAngular entered RUNNING state, process has stayed up for > than 1 seconds (startsecs)
2025-06-16 16:38:53,743 WARN received SIGTERM indicating exit request
2025-06-16 16:38:53,745 INFO waiting for dspaceAngular to die
2025-06-16 16:38:53,768 WARN stopped: dspaceAngular (terminated by SIGTERM)
2025-06-16 16:38:53,768 INFO reaped unknown pid 37 (terminated by SIGTERM)
2025-06-16 16:38:53,768 INFO reaped unknown pid 8 (exit status 1)
2025-06-16 16:38:53,768 INFO reaped unknown pid 36 (terminated by SIGTERM)
2025-06-16 16:38:55,182 CRIT Supervisor is running as root.  Privileges were not dropped because no user is specified in the config file.  If you intend to run as root, you can set user=root in the config file to avoid this message.
2025-06-16 16:38:55,188 INFO supervisord started with pid 1
2025-06-16 16:38:56,190 INFO spawned: 'dspaceAngular' with pid 7
2025-06-16 16:38:57,366 INFO success: dspaceAngular entered RUNNING state, process has stayed up for > than 1 seconds (startsecs)
2025-06-16 20:25:40,731 WARN received SIGTERM indicating exit request
2025-06-16 20:25:40,732 INFO waiting for dspaceAngular to die
2025-06-16 20:25:40,752 WARN stopped: dspaceAngular (terminated by SIGTERM)
2025-06-16 20:25:40,752 INFO reaped unknown pid 37 (terminated by SIGTERM)
2025-06-16 20:25:40,752 INFO reaped unknown pid 8 (exit status 1)
2025-06-16 20:25:40,752 INFO reaped unknown pid 36 (terminated by SIGTERM)
2025-06-16 20:25:42,261 CRIT Supervisor is running as root.  Privileges were not dropped because no user is specified in the config file.  If you intend to run as root, you can set user=root in the config file to avoid this message.
2025-06-16 20:25:42,266 INFO supervisord started with pid 1
2025-06-16 20:25:43,268 INFO spawned: 'dspaceAngular' with pid 7
2025-06-16 20:25:44,436 INFO success: dspaceAngular entered RUNNING state, process has stayed up for > than 1 seconds (startsecs)
2025-06-17 10:39:46,628 WARN received SIGTERM indicating exit request
2025-06-17 10:39:46,629 INFO waiting for dspaceAngular to die
2025-06-17 10:39:46,649 WARN stopped: dspaceAngular (terminated by SIGTERM)
2025-06-17 10:39:46,649 INFO reaped unknown pid 37 (terminated by SIGTERM)
2025-06-17 10:39:46,649 INFO reaped unknown pid 8 (exit status 1)
2025-06-17 10:39:46,649 INFO reaped unknown pid 36 (terminated by SIGTERM)
2025-06-17 10:39:48,081 CRIT Supervisor is running as root.  Privileges were not dropped because no user is specified in the config file.  If you intend to run as root, you can set user=root in the config file to avoid this message.
2025-06-17 10:39:48,086 INFO supervisord started with pid 1
2025-06-17 10:39:49,088 INFO spawned: 'dspaceAngular' with pid 7
2025-06-17 10:39:50,247 INFO success: dspaceAngular entered RUNNING state, process has stayed up for > than 1 seconds (startsecs)
2025-06-17 13:39:42,748 WARN received SIGTERM indicating exit request
2025-06-17 13:39:42,749 INFO waiting for dspaceAngular to die
2025-06-17 13:39:42,773 WARN stopped: dspaceAngular (terminated by SIGTERM)
2025-06-17 13:39:42,773 INFO reaped unknown pid 37 (terminated by SIGTERM)
2025-06-17 13:39:42,773 INFO reaped unknown pid 8 (exit status 1)
2025-06-17 13:39:42,773 INFO reaped unknown pid 36 (terminated by SIGTERM)
2025-06-17 13:39:43,923 CRIT Supervisor is running as root.  Privileges were not dropped because no user is specified in the config file.  If you intend to run as root, you can set user=root in the config file to avoid this message.
2025-06-17 13:39:43,928 INFO supervisord started with pid 1
2025-06-17 13:39:44,930 INFO spawned: 'dspaceAngular' with pid 7
2025-06-17 13:39:46,107 INFO success: dspaceAngular entered RUNNING state, process has stayed up for > than 1 seconds (startsecs)
2025-06-17 13:56:16,198 WARN received SIGTERM indicating exit request
2025-06-17 13:56:16,199 INFO waiting for dspaceAngular to die
2025-06-17 13:56:16,224 WARN stopped: dspaceAngular (terminated by SIGTERM)
2025-06-17 13:56:16,224 INFO reaped unknown pid 37 (terminated by SIGTERM)
2025-06-17 13:56:16,224 INFO reaped unknown pid 8 (exit status 1)
2025-06-17 13:56:16,224 INFO reaped unknown pid 36 (terminated by SIGTERM)
2025-06-17 13:56:17,793 CRIT Supervisor is running as root.  Privileges were not dropped because no user is specified in the config file.  If you intend to run as root, you can set user=root in the config file to avoid this message.
2025-06-17 13:56:17,799 INFO supervisord started with pid 1
2025-06-17 13:56:18,801 INFO spawned: 'dspaceAngular' with pid 7
2025-06-17 13:56:19,970 INFO success: dspaceAngular entered RUNNING state, process has stayed up for > than 1 seconds (startsecs)
2025-06-18 14:28:31,081 WARN received SIGTERM indicating exit request
2025-06-18 14:28:31,084 INFO waiting for dspaceAngular to die
2025-06-18 14:28:31,105 WARN stopped: dspaceAngular (terminated by SIGTERM)
2025-06-18 14:28:31,105 INFO reaped unknown pid 37 (terminated by SIGTERM)
2025-06-18 14:28:31,105 INFO reaped unknown pid 8 (exit status 1)
2025-06-18 14:28:31,105 INFO reaped unknown pid 36 (terminated by SIGTERM)
2025-06-18 14:28:32,094 CRIT Supervisor is running as root.  Privileges were not dropped because no user is specified in the config file.  If you intend to run as root, you can set user=root in the config file to avoid this message.
2025-06-18 14:28:32,099 INFO supervisord started with pid 1
2025-06-18 14:28:33,101 INFO spawned: 'dspaceAngular' with pid 7
2025-06-18 14:28:34,556 INFO success: dspaceAngular entered RUNNING state, process has stayed up for > than 1 seconds (startsecs)
2025-06-18 18:00:10,592 WARN received SIGTERM indicating exit request
2025-06-18 18:00:10,592 INFO waiting for dspaceAngular to die
2025-06-18 18:00:10,603 WARN stopped: dspaceAngular (terminated by SIGTERM)
2025-06-18 18:00:10,603 INFO reaped unknown pid 37 (terminated by SIGTERM)
2025-06-18 18:00:10,603 INFO reaped unknown pid 8 (exit status 1)
2025-06-18 18:00:10,603 INFO reaped unknown pid 36 (terminated by SIGTERM)
2025-06-18 18:00:11,524 CRIT Supervisor is running as root.  Privileges were not dropped because no user is specified in the config file.  If you intend to run as root, you can set user=root in the config file to avoid this message.
2025-06-18 18:00:11,526 INFO supervisord started with pid 1
2025-06-18 18:00:12,528 INFO spawned: 'dspaceAngular' with pid 7
2025-06-18 18:00:13,647 INFO success: dspaceAngular entered RUNNING state, process has stayed up for > than 1 seconds (startsecs)
2025-06-19 18:53:07,178 WARN received SIGTERM indicating exit request
2025-06-19 18:53:07,181 INFO waiting for dspaceAngular to die
2025-06-19 18:53:07,202 WARN stopped: dspaceAngular (terminated by SIGTERM)
2025-06-19 18:53:07,202 INFO reaped unknown pid 8 (exit status 1)
2025-06-19 18:53:07,202 INFO reaped unknown pid 37 (terminated by SIGTERM)
2025-06-19 18:53:07,202 INFO reaped unknown pid 36 (terminated by SIGTERM)
2025-06-19 18:53:08,211 CRIT Supervisor is running as root.  Privileges were not dropped because no user is specified in the config file.  If you intend to run as root, you can set user=root in the config file to avoid this message.
2025-06-19 18:53:08,215 INFO supervisord started with pid 1
2025-06-19 18:53:09,217 INFO spawned: 'dspaceAngular' with pid 7
2025-06-19 18:53:10,742 INFO success: dspaceAngular entered RUNNING state, process has stayed up for > than 1 seconds (startsecs)
2025-06-21 13:40:08,792 WARN received SIGTERM indicating exit request
2025-06-21 13:40:08,793 INFO waiting for dspaceAngular to die
2025-06-21 13:40:08,815 WARN stopped: dspaceAngular (terminated by SIGTERM)
2025-06-21 13:40:08,815 INFO reaped unknown pid 37 (terminated by SIGTERM)
2025-06-21 13:40:08,815 INFO reaped unknown pid 8 (exit status 1)
2025-06-21 13:40:08,815 INFO reaped unknown pid 36 (terminated by SIGTERM)
2025-06-21 13:40:10,318 CRIT Supervisor is running as root.  Privileges were not dropped because no user is specified in the config file.  If you intend to run as root, you can set user=root in the config file to avoid this message.
2025-06-21 13:40:10,323 INFO supervisord started with pid 1
2025-06-21 13:40:11,325 INFO spawned: 'dspaceAngular' with pid 7
2025-06-21 13:40:12,495 INFO success: dspaceAngular entered RUNNING state, process has stayed up for > than 1 seconds (startsecs)
2025-06-22 13:08:07,912 WARN received SIGTERM indicating exit request
2025-06-22 13:08:07,913 INFO waiting for dspaceAngular to die
2025-06-22 13:08:07,936 WARN stopped: dspaceAngular (terminated by SIGTERM)
2025-06-22 13:08:07,936 INFO reaped unknown pid 37 (terminated by SIGTERM)
2025-06-22 13:08:07,936 INFO reaped unknown pid 8 (exit status 1)
2025-06-22 13:08:07,936 INFO reaped unknown pid 36 (terminated by SIGTERM)
2025-06-22 13:08:09,421 CRIT Supervisor is running as root.  Privileges were not dropped because no user is specified in the config file.  If you intend to run as root, you can set user=root in the config file to avoid this message.
2025-06-22 13:08:09,427 INFO supervisord started with pid 1
2025-06-22 13:08:10,429 INFO spawned: 'dspaceAngular' with pid 7
2025-06-22 13:08:11,591 INFO success: dspaceAngular entered RUNNING state, process has stayed up for > than 1 seconds (startsecs)
2025-06-22 17:08:33,838 WARN received SIGTERM indicating exit request
2025-06-22 17:08:33,841 INFO waiting for dspaceAngular to die
2025-06-22 17:08:33,868 WARN stopped: dspaceAngular (terminated by SIGTERM)
2025-06-22 17:08:33,868 INFO reaped unknown pid 37 (terminated by SIGTERM)
2025-06-22 17:08:33,868 INFO reaped unknown pid 8 (exit status 1)
2025-06-22 17:08:33,868 INFO reaped unknown pid 36 (terminated by SIGTERM)
2025-06-22 17:08:35,376 CRIT Supervisor is running as root.  Privileges were not dropped because no user is specified in the config file.  If you intend to run as root, you can set user=root in the config file to avoid this message.
2025-06-22 17:08:35,382 INFO supervisord started with pid 1
2025-06-22 17:08:36,385 INFO spawned: 'dspaceAngular' with pid 7
2025-06-22 17:08:37,644 INFO success: dspaceAngular entered RUNNING state, process has stayed up for > than 1 seconds (startsecs)
2025-06-22 17:15:06,291 WARN received SIGTERM indicating exit request
2025-06-22 17:15:06,292 INFO waiting for dspaceAngular to die
2025-06-22 17:15:06,313 WARN stopped: dspaceAngular (terminated by SIGTERM)
2025-06-22 17:15:06,313 INFO reaped unknown pid 37 (terminated by SIGTERM)
2025-06-22 17:15:06,313 INFO reaped unknown pid 8 (exit status 1)
2025-06-22 17:15:06,313 INFO reaped unknown pid 36 (terminated by SIGTERM)
2025-06-22 17:15:07,760 CRIT Supervisor is running as root.  Privileges were not dropped because no user is specified in the config file.  If you intend to run as root, you can set user=root in the config file to avoid this message.
2025-06-22 17:15:07,765 INFO supervisord started with pid 1
2025-06-22 17:15:08,767 INFO spawned: 'dspaceAngular' with pid 7
2025-06-22 17:15:09,940 INFO success: dspaceAngular entered RUNNING state, process has stayed up for > than 1 seconds (startsecs)
2025-06-22 20:21:29,810 WARN received SIGTERM indicating exit request
2025-06-22 20:21:29,811 INFO waiting for dspaceAngular to die
2025-06-22 20:21:29,835 WARN stopped: dspaceAngular (terminated by SIGTERM)
2025-06-22 20:21:29,835 INFO reaped unknown pid 37 (terminated by SIGTERM)
2025-06-22 20:21:29,835 INFO reaped unknown pid 8 (exit status 1)
2025-06-22 20:21:29,835 INFO reaped unknown pid 36 (terminated by SIGTERM)
2025-06-22 20:21:31,281 CRIT Supervisor is running as root.  Privileges were not dropped because no user is specified in the config file.  If you intend to run as root, you can set user=root in the config file to avoid this message.
2025-06-22 20:21:31,286 INFO supervisord started with pid 1
2025-06-22 20:21:32,288 INFO spawned: 'dspaceAngular' with pid 7
2025-06-22 20:21:33,461 INFO success: dspaceAngular entered RUNNING state, process has stayed up for > than 1 seconds (startsecs)
2025-06-23 13:34:55,774 WARN received SIGTERM indicating exit request
2025-06-23 13:34:55,775 INFO waiting for dspaceAngular to die
2025-06-23 13:34:55,797 WARN stopped: dspaceAngular (terminated by SIGTERM)
2025-06-23 13:34:55,797 INFO reaped unknown pid 37 (terminated by SIGTERM)
2025-06-23 13:34:55,797 INFO reaped unknown pid 8 (exit status 1)
2025-06-23 13:34:55,797 INFO reaped unknown pid 36 (terminated by SIGTERM)
2025-06-23 13:34:57,337 CRIT Supervisor is running as root.  Privileges were not dropped because no user is specified in the config file.  If you intend to run as root, you can set user=root in the config file to avoid this message.
2025-06-23 13:34:57,342 INFO supervisord started with pid 1
2025-06-23 13:34:58,345 INFO spawned: 'dspaceAngular' with pid 7
2025-06-23 13:34:59,530 INFO success: dspaceAngular entered RUNNING state, process has stayed up for > than 1 seconds (startsecs)
2025-06-24 14:14:07,088 WARN received SIGTERM indicating exit request
2025-06-24 14:14:07,089 INFO waiting for dspaceAngular to die
2025-06-24 14:14:07,114 WARN stopped: dspaceAngular (terminated by SIGTERM)
2025-06-24 14:14:07,114 INFO reaped unknown pid 37 (terminated by SIGTERM)
2025-06-24 14:14:07,114 INFO reaped unknown pid 8 (exit status 1)
2025-06-24 14:14:07,114 INFO reaped unknown pid 36 (terminated by SIGTERM)
2025-06-24 14:14:08,586 CRIT Supervisor is running as root.  Privileges were not dropped because no user is specified in the config file.  If you intend to run as root, you can set user=root in the config file to avoid this message.
2025-06-24 14:14:08,592 INFO supervisord started with pid 1
2025-06-24 14:14:09,594 INFO spawned: 'dspaceAngular' with pid 7
2025-06-24 14:14:10,760 INFO success: dspaceAngular entered RUNNING state, process has stayed up for > than 1 seconds (startsecs)
2025-06-25 13:58:19,807 WARN received SIGTERM indicating exit request
2025-06-25 13:58:19,808 INFO waiting for dspaceAngular to die
2025-06-25 13:58:19,832 WARN stopped: dspaceAngular (terminated by SIGTERM)
2025-06-25 13:58:19,832 INFO reaped unknown pid 37 (terminated by SIGTERM)
2025-06-25 13:58:19,832 INFO reaped unknown pid 8 (exit status 1)
2025-06-25 13:58:19,832 INFO reaped unknown pid 36 (terminated by SIGTERM)
2025-06-25 13:58:21,298 CRIT Supervisor is running as root.  Privileges were not dropped because no user is specified in the config file.  If you intend to run as root, you can set user=root in the config file to avoid this message.
2025-06-25 13:58:21,303 INFO supervisord started with pid 1
2025-06-25 13:58:22,305 INFO spawned: 'dspaceAngular' with pid 7
2025-06-25 13:58:23,495 INFO success: dspaceAngular entered RUNNING state, process has stayed up for > than 1 seconds (startsecs)
2025-06-26 16:30:53,179 WARN received SIGTERM indicating exit request
2025-06-26 16:30:53,181 INFO waiting for dspaceAngular to die
2025-06-26 16:30:53,204 WARN stopped: dspaceAngular (terminated by SIGTERM)
2025-06-26 16:30:53,204 INFO reaped unknown pid 37 (terminated by SIGTERM)
2025-06-26 16:30:53,204 INFO reaped unknown pid 8 (exit status 1)
2025-06-26 16:30:53,204 INFO reaped unknown pid 36 (terminated by SIGTERM)
2025-06-26 16:30:54,679 CRIT Supervisor is running as root.  Privileges were not dropped because no user is specified in the config file.  If you intend to run as root, you can set user=root in the config file to avoid this message.
2025-06-26 16:30:54,685 INFO supervisord started with pid 1
2025-06-26 16:30:55,687 INFO spawned: 'dspaceAngular' with pid 7
2025-06-26 16:30:56,862 INFO success: dspaceAngular entered RUNNING state, process has stayed up for > than 1 seconds (startsecs)
2025-06-26 16:46:44,911 WARN received SIGTERM indicating exit request
2025-06-26 16:46:44,912 INFO waiting for dspaceAngular to die
2025-06-26 16:46:44,934 WARN stopped: dspaceAngular (terminated by SIGTERM)
2025-06-26 16:46:44,934 INFO reaped unknown pid 37 (terminated by SIGTERM)
2025-06-26 16:46:44,934 INFO reaped unknown pid 8 (exit status 1)
2025-06-26 16:46:44,934 INFO reaped unknown pid 36 (terminated by SIGTERM)
2025-06-26 16:46:46,371 CRIT Supervisor is running as root.  Privileges were not dropped because no user is specified in the config file.  If you intend to run as root, you can set user=root in the config file to avoid this message.
2025-06-26 16:46:46,377 INFO supervisord started with pid 1
2025-06-26 16:46:47,379 INFO spawned: 'dspaceAngular' with pid 7
2025-06-26 16:46:48,546 INFO success: dspaceAngular entered RUNNING state, process has stayed up for > than 1 seconds (startsecs)
